<?xml version="1.0" encoding="UTF-8"?>
<testng-results ignored="0" total="1" passed="1" failed="0" skipped="0">
  <reporter-output>
  </reporter-output>
  <suite started-at="2021-06-10T20:46:01 IST" name="Default suite" finished-at="2021-06-10T20:46:01 IST" duration-ms="60">
    <groups>
    </groups>
    <test started-at="2021-06-10T20:46:01 IST" name="Default test" finished-at="2021-06-10T20:46:01 IST" duration-ms="60">
      <class name="Property_Read">
        <test-method signature="read()[pri:0, instance:Property_Read@7690781]" started-at="2021-06-10T20:46:01 IST" name="read" finished-at="2021-06-10T20:46:01 IST" duration-ms="9" status="PASS">
          <reporter-output>
          </reporter-output>
        </test-method> <!-- read -->
      </class> <!-- Property_Read -->
    </test> <!-- Default test -->
  </suite> <!-- Default suite -->
</testng-results>
