<?xml version="1.0" encoding="UTF-8"?>
<testng-results ignored="0" total="1" passed="1" failed="0" skipped="0">
  <reporter-output>
  </reporter-output>
  <suite started-at="2021-06-17T09:10:01 IST" name="Default suite" finished-at="2021-06-17T09:10:01 IST" duration-ms="79">
    <groups>
    </groups>
    <test started-at="2021-06-17T09:10:01 IST" name="Default test" finished-at="2021-06-17T09:10:01 IST" duration-ms="79">
      <class name="Runner">
        <test-method signature="test()[pri:0, instance:Runner@29e495ff]" started-at="2021-06-17T09:10:01 IST" name="test" finished-at="2021-06-17T09:10:01 IST" duration-ms="13" status="PASS">
          <reporter-output>
          </reporter-output>
        </test-method> <!-- test -->
      </class> <!-- Runner -->
    </test> <!-- Default test -->
  </suite> <!-- Default suite -->
</testng-results>
