<?xml version="1.0" encoding="UTF-8"?>
<testng-results ignored="0" total="4" passed="4" failed="0" skipped="0">
  <reporter-output>
  </reporter-output>
  <suite started-at="2021-06-11T08:55:12 IST" name="Suite" finished-at="2021-06-11T08:56:17 IST" duration-ms="64553">
    <groups>
    </groups>
    <test started-at="2021-06-11T08:55:12 IST" name="Test" finished-at="2021-06-11T08:56:17 IST" duration-ms="64553">
      <class name="com.crm.tests.LoginTest">
        <test-method is-config="true" signature="intialize()[pri:0, instance:com.crm.tests.LoginTest@62230c58]" started-at="2021-06-11T08:55:12 IST" name="intialize" finished-at="2021-06-11T08:55:16 IST" duration-ms="3537" status="PASS">
          <reporter-output>
          </reporter-output>
        </test-method> <!-- intialize -->
        <test-method signature="logintest()[pri:1, instance:com.crm.tests.LoginTest@62230c58]" started-at="2021-06-11T08:55:16 IST" name="logintest" finished-at="2021-06-11T08:55:21 IST" duration-ms="5324" status="PASS">
          <reporter-output>
          </reporter-output>
        </test-method> <!-- logintest -->
        <test-method is-config="true" signature="teardown()[pri:0, instance:com.crm.tests.LoginTest@62230c58]" started-at="2021-06-11T08:55:21 IST" name="teardown" finished-at="2021-06-11T08:55:21 IST" duration-ms="87" status="PASS">
          <reporter-output>
          </reporter-output>
        </test-method> <!-- teardown -->
        <test-method is-config="true" signature="intialize()[pri:0, instance:com.crm.tests.LoginTest@62230c58]" started-at="2021-06-11T08:55:21 IST" name="intialize" finished-at="2021-06-11T08:55:24 IST" duration-ms="2516" status="PASS">
          <reporter-output>
          </reporter-output>
        </test-method> <!-- intialize -->
        <test-method signature="invalidlogintest()[pri:2, instance:com.crm.tests.LoginTest@62230c58]" started-at="2021-06-11T08:55:24 IST" name="invalidlogintest" finished-at="2021-06-11T08:55:33 IST" duration-ms="9398" status="PASS">
          <reporter-output>
          </reporter-output>
        </test-method> <!-- invalidlogintest -->
        <test-method is-config="true" signature="teardown()[pri:0, instance:com.crm.tests.LoginTest@62230c58]" started-at="2021-06-11T08:55:33 IST" name="teardown" finished-at="2021-06-11T08:55:33 IST" duration-ms="66" status="PASS">
          <reporter-output>
          </reporter-output>
        </test-method> <!-- teardown -->
      </class> <!-- com.crm.tests.LoginTest -->
      <class name="com.crm.tests.FormsTest">
        <test-method is-config="true" signature="intialize()[pri:0, instance:com.crm.tests.FormsTest@2df9b86]" started-at="2021-06-11T08:55:52 IST" name="intialize" finished-at="2021-06-11T08:55:55 IST" duration-ms="2624" status="PASS">
          <reporter-output>
          </reporter-output>
        </test-method> <!-- intialize -->
        <test-method signature="formTest()[pri:0, instance:com.crm.tests.FormsTest@2df9b86]" started-at="2021-06-11T08:55:55 IST" name="formTest" finished-at="2021-06-11T08:56:17 IST" duration-ms="21767" status="PASS">
          <reporter-output>
          </reporter-output>
        </test-method> <!-- formTest -->
        <test-method is-config="true" signature="teardown()[pri:0, instance:com.crm.tests.FormsTest@2df9b86]" started-at="2021-06-11T08:56:17 IST" name="teardown" finished-at="2021-06-11T08:56:17 IST" duration-ms="75" status="PASS">
          <reporter-output>
          </reporter-output>
        </test-method> <!-- teardown -->
      </class> <!-- com.crm.tests.FormsTest -->
      <class name="com.crm.tests.ContactsTest">
        <test-method is-config="true" signature="intialize()[pri:0, instance:com.crm.tests.ContactsTest@793be5ca]" started-at="2021-06-11T08:55:33 IST" name="intialize" finished-at="2021-06-11T08:55:36 IST" duration-ms="2376" status="PASS">
          <reporter-output>
          </reporter-output>
        </test-method> <!-- intialize -->
        <test-method signature="contactsTest()[pri:0, instance:com.crm.tests.ContactsTest@793be5ca]" started-at="2021-06-11T08:55:36 IST" name="contactsTest" finished-at="2021-06-11T08:55:52 IST" duration-ms="16660" status="PASS">
          <reporter-output>
          </reporter-output>
        </test-method> <!-- contactsTest -->
        <test-method is-config="true" signature="teardown()[pri:0, instance:com.crm.tests.ContactsTest@793be5ca]" started-at="2021-06-11T08:55:52 IST" name="teardown" finished-at="2021-06-11T08:55:52 IST" duration-ms="76" status="PASS">
          <reporter-output>
          </reporter-output>
        </test-method> <!-- teardown -->
      </class> <!-- com.crm.tests.ContactsTest -->
    </test> <!-- Test -->
  </suite> <!-- Suite -->
</testng-results>
