<?xml version="1.0" encoding="UTF-8"?>
<testng-results ignored="0" total="4" passed="4" failed="0" skipped="0">
  <reporter-output>
  </reporter-output>
  <suite started-at="2021-06-12T06:40:37 IST" name="Suite" finished-at="2021-06-12T06:41:42 IST" duration-ms="65455">
    <groups>
    </groups>
    <test started-at="2021-06-12T06:40:37 IST" name="Test" finished-at="2021-06-12T06:41:42 IST" duration-ms="65455">
      <class name="com.crm.tests.LoginTest">
        <test-method is-config="true" signature="intialize()[pri:0, instance:com.crm.tests.LoginTest@62230c58]" started-at="2021-06-12T06:40:37 IST" name="intialize" finished-at="2021-06-12T06:40:41 IST" duration-ms="3561" status="PASS">
          <reporter-output>
          </reporter-output>
        </test-method> <!-- intialize -->
        <test-method signature="logintest()[pri:1, instance:com.crm.tests.LoginTest@62230c58]" started-at="2021-06-12T06:40:41 IST" name="logintest" finished-at="2021-06-12T06:40:46 IST" duration-ms="5380" status="PASS">
          <reporter-output>
          </reporter-output>
        </test-method> <!-- logintest -->
        <test-method is-config="true" signature="teardown()[pri:0, instance:com.crm.tests.LoginTest@62230c58]" started-at="2021-06-12T06:40:46 IST" name="teardown" finished-at="2021-06-12T06:40:46 IST" duration-ms="98" status="PASS">
          <reporter-output>
          </reporter-output>
        </test-method> <!-- teardown -->
        <test-method is-config="true" signature="intialize()[pri:0, instance:com.crm.tests.LoginTest@62230c58]" started-at="2021-06-12T06:40:46 IST" name="intialize" finished-at="2021-06-12T06:40:49 IST" duration-ms="2859" status="PASS">
          <reporter-output>
          </reporter-output>
        </test-method> <!-- intialize -->
        <test-method signature="invalidlogintest()[pri:2, instance:com.crm.tests.LoginTest@62230c58]" started-at="2021-06-12T06:40:49 IST" name="invalidlogintest" finished-at="2021-06-12T06:40:57 IST" duration-ms="8299" status="PASS">
          <reporter-output>
          </reporter-output>
        </test-method> <!-- invalidlogintest -->
        <test-method is-config="true" signature="teardown()[pri:0, instance:com.crm.tests.LoginTest@62230c58]" started-at="2021-06-12T06:40:57 IST" name="teardown" finished-at="2021-06-12T06:40:57 IST" duration-ms="78" status="PASS">
          <reporter-output>
          </reporter-output>
        </test-method> <!-- teardown -->
      </class> <!-- com.crm.tests.LoginTest -->
      <class name="com.crm.tests.FormsTest">
        <test-method is-config="true" signature="intialize()[pri:0, instance:com.crm.tests.FormsTest@2df9b86]" started-at="2021-06-12T06:41:18 IST" name="intialize" finished-at="2021-06-12T06:41:20 IST" duration-ms="2734" status="PASS">
          <reporter-output>
          </reporter-output>
        </test-method> <!-- intialize -->
        <test-method signature="formTest()[pri:0, instance:com.crm.tests.FormsTest@2df9b86]" started-at="2021-06-12T06:41:20 IST" name="formTest" finished-at="2021-06-12T06:41:42 IST" duration-ms="22009" status="PASS">
          <reporter-output>
          </reporter-output>
        </test-method> <!-- formTest -->
        <test-method is-config="true" signature="teardown()[pri:0, instance:com.crm.tests.FormsTest@2df9b86]" started-at="2021-06-12T06:41:42 IST" name="teardown" finished-at="2021-06-12T06:41:42 IST" duration-ms="93" status="PASS">
          <reporter-output>
          </reporter-output>
        </test-method> <!-- teardown -->
      </class> <!-- com.crm.tests.FormsTest -->
      <class name="com.crm.tests.ContactsTest">
        <test-method is-config="true" signature="intialize()[pri:0, instance:com.crm.tests.ContactsTest@793be5ca]" started-at="2021-06-12T06:40:57 IST" name="intialize" finished-at="2021-06-12T06:41:00 IST" duration-ms="3032" status="PASS">
          <reporter-output>
          </reporter-output>
        </test-method> <!-- intialize -->
        <test-method signature="contactsTest()[pri:0, instance:com.crm.tests.ContactsTest@793be5ca]" started-at="2021-06-12T06:41:00 IST" name="contactsTest" finished-at="2021-06-12T06:41:17 IST" duration-ms="17156" status="PASS">
          <reporter-output>
          </reporter-output>
        </test-method> <!-- contactsTest -->
        <test-method is-config="true" signature="teardown()[pri:0, instance:com.crm.tests.ContactsTest@793be5ca]" started-at="2021-06-12T06:41:17 IST" name="teardown" finished-at="2021-06-12T06:41:18 IST" duration-ms="96" status="PASS">
          <reporter-output>
          </reporter-output>
        </test-method> <!-- teardown -->
      </class> <!-- com.crm.tests.ContactsTest -->
    </test> <!-- Test -->
  </suite> <!-- Suite -->
</testng-results>
