<?xml version="1.0" encoding="UTF-8"?>
<testng-results ignored="0" total="2" passed="2" failed="0" skipped="0">
  <reporter-output>
  </reporter-output>
  <suite started-at="2021-06-19T11:03:16 IST" name="Default suite" finished-at="2021-06-19T11:03:56 IST" duration-ms="39352">
    <groups>
    </groups>
    <test started-at="2021-06-19T11:03:16 IST" name="Default test" finished-at="2021-06-19T11:03:56 IST" duration-ms="39352">
      <class name="Sauce_Test">
        <test-method signature="login_test()[pri:0, instance:Sauce_Test@272ed83b]" started-at="2021-06-19T11:03:16 IST" name="login_test" finished-at="2021-06-19T11:03:16 IST" duration-ms="8" status="PASS">
          <reporter-output>
          </reporter-output>
        </test-method> <!-- login_test -->
        <test-method signature="order_test()[pri:0, instance:Sauce_Test@272ed83b]" started-at="2021-06-19T11:03:16 IST" name="order_test" finished-at="2021-06-19T11:03:56 IST" duration-ms="39290" status="PASS">
          <reporter-output>
          </reporter-output>
        </test-method> <!-- order_test -->
      </class> <!-- Sauce_Test -->
    </test> <!-- Default test -->
  </suite> <!-- Default suite -->
</testng-results>
