<?xml version="1.0" encoding="UTF-8"?>
<testng-results ignored="0" total="1" passed="1" failed="0" skipped="0">
  <reporter-output>
  </reporter-output>
  <suite started-at="2021-06-09T08:17:21 IST" name="Default suite" finished-at="2021-06-09T08:17:40 IST" duration-ms="19669">
    <groups>
    </groups>
    <test started-at="2021-06-09T08:17:21 IST" name="Default test" finished-at="2021-06-09T08:17:40 IST" duration-ms="19669">
      <class name="Assignment_Sample">
        <test-method signature="test1()[pri:0, instance:Assignment_Sample@68c72235]" started-at="2021-06-09T08:17:21 IST" name="test1" finished-at="2021-06-09T08:17:40 IST" duration-ms="19621" status="PASS">
          <reporter-output>
          </reporter-output>
        </test-method> <!-- test1 -->
      </class> <!-- Assignment_Sample -->
    </test> <!-- Default test -->
  </suite> <!-- Default suite -->
</testng-results>
