<?xml version="1.0" encoding="UTF-8"?>
<testng-results ignored="0" total="2" passed="2" failed="0" skipped="0">
  <reporter-output>
  </reporter-output>
  <suite started-at="2021-06-07T20:59:09 IST" name="Default suite" finished-at="2021-06-07T20:59:09 IST" duration-ms="63">
    <groups>
    </groups>
    <test started-at="2021-06-07T20:59:09 IST" name="Default test" finished-at="2021-06-07T20:59:09 IST" duration-ms="63">
      <class name="Depends">
        <test-method signature="login()[pri:0, instance:Depends@2e222612]" started-at="2021-06-07T20:59:09 IST" name="login" finished-at="2021-06-07T20:59:09 IST" duration-ms="9" status="PASS">
          <reporter-output>
          </reporter-output>
        </test-method> <!-- login -->
        <test-method signature="home_page()[pri:0, instance:Depends@2e222612]" started-at="2021-06-07T20:59:09 IST" name="home_page" finished-at="2021-06-07T20:59:09 IST" depends-on-methods="Depends.login" duration-ms="2" status="PASS">
          <reporter-output>
          </reporter-output>
        </test-method> <!-- home_page -->
      </class> <!-- Depends -->
    </test> <!-- Default test -->
  </suite> <!-- Default suite -->
</testng-results>
