<?xml version="1.0" encoding="UTF-8"?>
<!-- Generated by org.testng.reporters.JUnitXMLReporter -->
<testsuite ignored="0" hostname="LAPTOP-E956GLFD" failures="0" tests="3" name="CRM_TEST" time="40.484" errors="0" timestamp="2021-06-10T08:04:32 IST">
  <testcase classname="com.crm.tests.Login_Test" name="logintest" time="1.833"/>
  <testcase classname="com.crm.tests.Contacts_Test" name="contacts_test" time="12.598"/>
  <testcase classname="com.crm.tests.Form_Test" name="forms_test" time="17.015"/>
</testsuite> <!-- CRM_TEST -->
