<?xml version="1.0" encoding="UTF-8"?>
<testng-results ignored="0" total="3" passed="3" failed="0" skipped="0">
  <reporter-output>
  </reporter-output>
  <suite started-at="2021-06-10T08:03:52 IST" name="CRM_TEST_SUITE" finished-at="2021-06-10T08:04:32 IST" duration-ms="40484">
    <groups>
    </groups>
    <test started-at="2021-06-10T08:03:52 IST" name="CRM_TEST" finished-at="2021-06-10T08:04:32 IST" duration-ms="40484">
      <class name="com.crm.tests.Contacts_Test">
        <test-method is-config="true" signature="intialization()[pri:0, instance:com.crm.tests.Contacts_Test@57af006c]" started-at="2021-06-10T08:03:52 IST" name="intialization" finished-at="2021-06-10T08:03:58 IST" duration-ms="6409" status="PASS">
          <reporter-output>
          </reporter-output>
        </test-method> <!-- intialization -->
        <test-method signature="contacts_test()[pri:0, instance:com.crm.tests.Contacts_Test@57af006c]" started-at="2021-06-10T08:04:02 IST" name="contacts_test" finished-at="2021-06-10T08:04:14 IST" duration-ms="12598" status="PASS">
          <reporter-output>
          </reporter-output>
        </test-method> <!-- contacts_test -->
        <test-method is-config="true" signature="teardown()[pri:0, instance:com.crm.tests.Contacts_Test@57af006c]" started-at="2021-06-10T08:04:31 IST" name="teardown" finished-at="2021-06-10T08:04:32 IST" duration-ms="774" status="PASS">
          <reporter-output>
          </reporter-output>
        </test-method> <!-- teardown -->
      </class> <!-- com.crm.tests.Contacts_Test -->
      <class name="com.crm.tests.Form_Test">
        <test-method is-config="true" signature="intialization()[pri:0, instance:com.crm.tests.Form_Test@6bedbc4d]" started-at="2021-06-10T08:03:58 IST" name="intialization" finished-at="2021-06-10T08:04:00 IST" duration-ms="1806" status="PASS">
          <reporter-output>
          </reporter-output>
        </test-method> <!-- intialization -->
        <test-method signature="forms_test()[pri:0, instance:com.crm.tests.Form_Test@6bedbc4d]" started-at="2021-06-10T08:04:14 IST" name="forms_test" finished-at="2021-06-10T08:04:31 IST" duration-ms="17015" status="PASS">
          <reporter-output>
          </reporter-output>
        </test-method> <!-- forms_test -->
        <test-method is-config="true" signature="teardown()[pri:0, instance:com.crm.tests.Form_Test@6bedbc4d]" started-at="2021-06-10T08:04:32 IST" name="teardown" finished-at="2021-06-10T08:04:32 IST" duration-ms="1" status="PASS">
          <reporter-output>
          </reporter-output>
        </test-method> <!-- teardown -->
      </class> <!-- com.crm.tests.Form_Test -->
      <class name="com.crm.tests.Login_Test">
        <test-method is-config="true" signature="intialization()[pri:0, instance:com.crm.tests.Login_Test@247d8ae]" started-at="2021-06-10T08:04:00 IST" name="intialization" finished-at="2021-06-10T08:04:00 IST" duration-ms="1" status="PASS">
          <reporter-output>
          </reporter-output>
        </test-method> <!-- intialization -->
        <test-method signature="logintest()[pri:0, instance:com.crm.tests.Login_Test@247d8ae]" started-at="2021-06-10T08:04:00 IST" name="logintest" finished-at="2021-06-10T08:04:02 IST" duration-ms="1833" status="PASS">
          <reporter-output>
          </reporter-output>
        </test-method> <!-- logintest -->
        <test-method is-config="true" signature="teardown()[pri:0, instance:com.crm.tests.Login_Test@247d8ae]" started-at="2021-06-10T08:04:32 IST" name="teardown" finished-at="2021-06-10T08:04:32 IST" duration-ms="0" status="PASS">
          <reporter-output>
          </reporter-output>
        </test-method> <!-- teardown -->
      </class> <!-- com.crm.tests.Login_Test -->
    </test> <!-- CRM_TEST -->
  </suite> <!-- CRM_TEST_SUITE -->
</testng-results>
