<?xml version="1.0" encoding="UTF-8"?>
<testng-results ignored="0" total="1" passed="1" failed="0" skipped="0">
  <reporter-output>
  </reporter-output>
  <suite started-at="2021-06-19T07:57:39 IST" name="Default suite" finished-at="2021-06-19T07:57:39 IST" duration-ms="195">
    <groups>
    </groups>
    <test started-at="2021-06-19T07:57:39 IST" name="Default test" finished-at="2021-06-19T07:57:39 IST" duration-ms="195">
      <class name="com.test.data.janbask.TestData.Login_Test">
        <test-method signature="Login()[pri:0, instance:com.test.data.janbask.TestData.Login_Test@2dde1bff]" started-at="2021-06-19T07:57:39 IST" name="Login" finished-at="2021-06-19T07:57:39 IST" duration-ms="149" status="PASS">
          <reporter-output>
          </reporter-output>
        </test-method> <!-- Login -->
      </class> <!-- com.test.data.janbask.TestData.Login_Test -->
    </test> <!-- Default test -->
  </suite> <!-- Default suite -->
</testng-results>
