<?xml version="1.0" encoding="UTF-8"?>
<testng-results ignored="0" total="2" passed="2" failed="0" skipped="0">
  <reporter-output>
  </reporter-output>
  <suite started-at="2021-06-14T10:58:01 IST" name="Default suite" finished-at="2021-06-14T10:58:01 IST" duration-ms="333">
    <groups>
    </groups>
    <test started-at="2021-06-14T10:58:01 IST" name="Default test" finished-at="2021-06-14T10:58:01 IST" duration-ms="333">
      <class name="Excel_read_write">
        <test-method signature="write()[pri:1, instance:Excel_read_write@212b5695]" started-at="2021-06-14T10:58:01 IST" name="write" finished-at="2021-06-14T10:58:01 IST" duration-ms="204" status="PASS">
          <reporter-output>
          </reporter-output>
        </test-method> <!-- write -->
        <test-method signature="read()[pri:2, instance:Excel_read_write@212b5695]" started-at="2021-06-14T10:58:01 IST" name="read" finished-at="2021-06-14T10:58:01 IST" duration-ms="80" status="PASS">
          <reporter-output>
          </reporter-output>
        </test-method> <!-- read -->
      </class> <!-- Excel_read_write -->
    </test> <!-- Default test -->
  </suite> <!-- Default suite -->
</testng-results>
