<?xml version="1.0" encoding="UTF-8"?>
<testng-results ignored="0" total="1" passed="1" failed="0" skipped="0">
  <reporter-output>
  </reporter-output>
  <suite started-at="2021-06-22T07:04:41 IST" name="Default suite" finished-at="2021-06-22T07:04:42 IST" duration-ms="598">
    <groups>
    </groups>
    <test started-at="2021-06-22T07:04:41 IST" name="Default test" finished-at="2021-06-22T07:04:42 IST" duration-ms="598">
      <class name="Excel_read_write">
        <test-method signature="read()[pri:1, instance:Excel_read_write@212b5695]" started-at="2021-06-22T07:04:41 IST" name="read" finished-at="2021-06-22T07:04:42 IST" duration-ms="507" status="PASS">
          <reporter-output>
          </reporter-output>
        </test-method> <!-- read -->
      </class> <!-- Excel_read_write -->
    </test> <!-- Default test -->
  </suite> <!-- Default suite -->
</testng-results>
