<?xml version="1.0" encoding="UTF-8"?>
<!-- Generated by org.testng.reporters.JUnitXMLReporter -->
<testsuite ignored="0" hostname="LAPTOP-E956GLFD" failures="0" tests="4" name="Test" time="0.094" errors="0" timestamp="2021-06-09T07:44:03 IST">
  <testcase classname="Test_2" name="method2" time="0.016"/>
  <testcase classname="Test_1" name="method1" time="0.001"/>
  <testcase classname="Test_3" name="method3" time="0.002"/>
  <testcase classname="Test_3" name="method4" time="0.001"/>
</testsuite> <!-- Test -->
