<?xml version="1.0" encoding="UTF-8"?>
<testsuite xmlns:xsi="http://www.w3.org/2001/XMLSchema-instance" xsi:noNamespaceSchemaLocation="https://maven.apache.org/surefire/maven-surefire-plugin/xsd/surefire-test-report.xsd" name="Runner.TestRunner" time="0.87" tests="5" errors="3" skipped="2" failures="0">
  <properties>
[...]
</properties>
  <testcase name="Given Launch the browser and enter the url" classname="Scenario: Login" time="0.008">
    <error message="Cannot invoke &quot;org.openqa.selenium.WebDriver.get(String)&quot; because &quot;StepDefinition.Login_StepDefintion.driver&quot; is null" type="java.lang.NullPointerException">java.lang.NullPointerException: Cannot invoke "org.openqa.selenium.WebDriver.get(String)" because "StepDefinition.Login_StepDefintion.driver" is null
</error>
  </testcase>
  <testcase name="Scenario: Login" classname="Scenario: Login" time="0.01">
    <error message="Cannot invoke &quot;org.openqa.selenium.WebDriver.get(String)&quot; because &quot;StepDefinition.Login_StepDefintion.driver&quot; is null" type="java.lang.NullPointerException">java.lang.NullPointerException: Cannot invoke "org.openqa.selenium.WebDriver.get(String)" because "StepDefinition.Login_StepDefintion.driver" is null
</error>
  </testcase>
  <testcase name="Scenario: Login" classname="Scenario: Login" time="0.015">
    <error message="Cannot invoke &quot;org.openqa.selenium.WebDriver.close()&quot; because &quot;StepDefinition.HookS.driver&quot; is null" type="java.lang.NullPointerException">java.lang.NullPointerException: Cannot invoke "org.openqa.selenium.WebDriver.close()" because "StepDefinition.HookS.driver" is null
</error>
  </testcase>
  <testcase name="When I enter the username &quot;standard_user&quot; and enter the password &quot;secret_sauce&quot;" classname="Scenario: Login" time="0">
    <skipped/>
  </testcase>
  <testcase name="Then I click submit" classname="Scenario: Login" time="0">
    <skipped/>
  </testcase>
</testsuite>