<?xml version="1.0" encoding="UTF-8"?>
<!-- Generated by org.testng.reporters.JUnitXMLReporter -->
<testsuite ignored="0" hostname="LAPTOP-E956GLFD" failures="0" tests="4" name="Test" time="64.553" errors="0" timestamp="2021-06-11T08:56:17 IST">
  <testcase classname="com.crm.tests.LoginTest" name="logintest" time="5.324"/>
  <testcase classname="com.crm.tests.LoginTest" name="invalidlogintest" time="9.398"/>
  <testcase classname="com.crm.tests.ContactsTest" name="contactsTest" time="16.66"/>
  <testcase classname="com.crm.tests.FormsTest" name="formTest" time="21.767"/>
</testsuite> <!-- Test -->
