<?xml version="1.0" encoding="UTF-8"?>
<!-- Generated by org.testng.reporters.JUnitXMLReporter -->
<testsuite ignored="0" hostname="LAPTOP-E956GLFD" failures="0" tests="3" name="Test" time="26.111" errors="0" timestamp="2021-06-10T08:53:01 IST">
  <testcase classname="com.crm.tests.LoginTest" name="logintest" time="6.099"/>
  <testcase classname="com.crm.tests.LoginTest" name="invalidlogintest" time="5.652"/>
  <testcase classname="com.crm.tests.ContactsTest" name="contactsTest" time="14.311"/>
</testsuite> <!-- Test -->
