<?xml version="1.0" encoding="UTF-8"?>
<testng-results ignored="0" total="1" passed="1" failed="0" skipped="0">
  <reporter-output>
  </reporter-output>
  <suite started-at="2021-06-12T07:03:53 IST" name="Default suite" finished-at="2021-06-12T07:04:11 IST" duration-ms="17855">
    <groups>
    </groups>
    <test started-at="2021-06-12T07:03:53 IST" name="Default test" finished-at="2021-06-12T07:04:11 IST" duration-ms="17855">
      <class name="Navigate">
        <test-method signature="test()[pri:0, instance:Navigate@306f16f3]" started-at="2021-06-12T07:03:53 IST" name="test" finished-at="2021-06-12T07:04:11 IST" duration-ms="17810" status="PASS">
          <reporter-output>
          </reporter-output>
        </test-method> <!-- test -->
      </class> <!-- Navigate -->
    </test> <!-- Default test -->
  </suite> <!-- Default suite -->
</testng-results>
