<?xml version="1.0" encoding="UTF-8" standalone="no"?>
<testsuite failures="0" name="cucumber.runtime.formatter.JUnitFormatter" skipped="0" tests="1" time="36.812749">
    <testcase classname="Add to cart and Place Order" name="Place order" time="36.812749">
        <system-out><![CDATA[Given Launch the browser and enter the url..................................passed
When I enter the username "standard_user" and enter the password "secret_sauce".passed
Then I click submit.........................................................passed
When I add the item to the cart.............................................passed
And I click cart............................................................passed
And I click checkout........................................................passed
And I enter the details "Dean" "Win" "2134".................................passed
And I click continue........................................................passed
And I verify total value....................................................passed
And I click Finish..........................................................passed
And I verify the order......................................................passed
Then I navigate to home page................................................passed
]]></system-out>
    </testcase>
</testsuite>
