<?xml version="1.0" encoding="UTF-8"?>
<testsuite xmlns:xsi="http://www.w3.org/2001/XMLSchema-instance" xsi:noNamespaceSchemaLocation="https://maven.apache.org/surefire/maven-surefire-plugin/xsd/surefire-test-report.xsd" name="Runner.TestRunner" time="1.945" tests="4" errors="2" skipped="2" failures="0">
  <properties>
[...]
</properties>
  <testcase name="Given Launch the browser and enter the url" classname="Scenario: Login" time="0.013">
    <error type="java.lang.ExceptionInInitializerError">java.lang.ExceptionInInitializerError
Caused by: java.lang.reflect.InaccessibleObjectException: Unable to make field private final java.util.Comparator java.util.TreeMap.comparator accessible: module java.base does not "opens java.util" to unnamed module @2c8d66b2
</error>
  </testcase>
  <testcase name="Scenario: Login" classname="Scenario: Login" time="0.015">
    <error type="java.lang.ExceptionInInitializerError">java.lang.ExceptionInInitializerError
Caused by: java.lang.reflect.InaccessibleObjectException: Unable to make field private final java.util.Comparator java.util.TreeMap.comparator accessible: module java.base does not "opens java.util" to unnamed module @2c8d66b2
</error>
  </testcase>
  <testcase name="When I enter the username &quot;standard_user&quot; and enter the password &quot;secret_sauce&quot;" classname="Scenario: Login" time="0">
    <skipped/>
  </testcase>
  <testcase name="Then I click submit" classname="Scenario: Login" time="0">
    <skipped/>
  </testcase>
</testsuite>