<?xml version="1.0" encoding="UTF-8" standalone="no"?>
<testsuite failures="0" name="cucumber.runtime.formatter.JUnitFormatter" skipped="0" tests="1" time="7.391809">
    <testcase classname="Login to application" name="Login" time="7.391809">
        <system-out><![CDATA[Given Launch the browser and enter the url..................................passed
When I enter the username "standard_user" and enter the password "secret_sauce".passed
Then I click submit.........................................................passed
]]></system-out>
    </testcase>
</testsuite>
